<?xml version="1.0" encoding="UTF-8"?>
<!-- Generated by org.testng.reporters.JUnitXMLReporter -->
<testsuite ignored="0" hostname="DESKTOP-LJ63IJJ" failures="1" tests="3" name="ErrorValidation Test" time="57.172" errors="0" timestamp="2023-02-02T23:13:37 IST">
  <testcase classname="virtusa.tests.ErrorValidationTests" name="loginErrorValidation" time="0.825">
    <skipped/>
  </testcase> <!-- loginErrorValidation -->
  <testcase classname="virtusa.tests.ErrorValidationTests" name="loginErrorValidation" time="1.065">
    <failure type="java.lang.AssertionError" message="expected [Incorrect email  password.] but found [Incorrect email or password.]">
      <![CDATA[java.lang.AssertionError: expected [Incorrect email  password.] but found [Incorrect email or password.]
at virtusa.tests.ErrorValidationTests.loginErrorValidation(ErrorValidationTests.java:25)
at java.base/java.util.ArrayList.forEach(ArrayList.java:1511)
at java.base/java.util.concurrent.FutureTask.run(FutureTask.java:264)
at java.base/java.util.concurrent.ThreadPoolExecutor.runWorker(ThreadPoolExecutor.java:1130)
at java.base/java.util.concurrent.ThreadPoolExecutor$Worker.run(ThreadPoolExecutor.java:630)
at java.base/java.lang.Thread.run(Thread.java:831)
... Removed 23 stack frames]]>
    </failure>
  </testcase> <!-- loginErrorValidation -->
  <testcase classname="virtusa.tests.ErrorValidationTests" name="productErrorValidation" time="2.96"/>
</testsuite> <!-- ErrorValidation Test -->
