<?xml version="1.0" encoding="UTF-8"?>
<!-- Generated by org.testng.reporters.JUnitXMLReporter -->
<testsuite ignored="0" hostname="DESKTOP-LJ63IJJ" failures="1" tests="3" name="ErrorValidation Test" time="36.31" errors="0" timestamp="2023-02-04T12:20:10 IST">
  <testcase classname="virtusa.tests.ErrorValidationTests" name="loginErrorValidation" time="0.616">
    <skipped/>
  </testcase> <!-- loginErrorValidation -->
  <testcase classname="virtusa.tests.ErrorValidationTests" name="loginErrorValidation" time="0.991">
    <failure type="java.lang.AssertionError" message="expected [Incorrect email  password.] but found [Incorrect email or password.]">
      <![CDATA[java.lang.AssertionError: expected [Incorrect email  password.] but found [Incorrect email or password.]
at virtusa.tests.ErrorValidationTests.loginErrorValidation(ErrorValidationTests.java:25)
at java.base/java.util.ArrayList.forEach(ArrayList.java:1511)
at java.base/java.util.concurrent.FutureTask.run(FutureTask.java:264)
at java.base/java.util.concurrent.ThreadPoolExecutor.runWorker(ThreadPoolExecutor.java:1136)
at java.base/java.util.concurrent.ThreadPoolExecutor$Worker.run(ThreadPoolExecutor.java:635)
at java.base/java.lang.Thread.run(Thread.java:833)
... Removed 23 stack frames]]>
    </failure>
  </testcase> <!-- loginErrorValidation -->
  <testcase classname="virtusa.tests.ErrorValidationTests" name="productErrorValidation" time="3.095"/>
</testsuite> <!-- ErrorValidation Test -->
