<!DOCTYPE html PUBLIC "-//W3C//DTD XHTML 1.1//EN" "https://www.w3.org/TR/xhtml11/DTD/xhtml11.dtd">
<html xmlns="https://www.w3.org/1999/xhtml">
<head>
<meta http-equiv="content-type" content="text/html; charset=UTF-8"/>
<title>TestNG Report</title>
<style type="text/css">table {margin-bottom:10px;border-collapse:collapse;empty-cells:show}th,td {border:1px solid #009;padding:.25em .5em}th {vertical-align:bottom}td {vertical-align:top}table a {font-weight:bold}.stripe td {background-color: #E6EBF9}.num {text-align:right}.passedodd td {background-color: #3F3}.passedeven td {background-color: #0A0}.skippedodd td {background-color: #DDD}.skippedeven td {background-color: #CCC}.failedodd td,.attn {background-color: #F33}.failedeven td,.stripe .attn {background-color: #D00}.stacktrace {white-space:pre;font-family:monospace}.totop {font-size:85%;text-align:center;border-bottom:2px solid #000}.invisible {display:none}</style>
</head>
<body>
<table>
<tr><th>Test</th><th># Passed</th><th># Skipped</th><th># Retried</th><th># Failed</th><th>Time (ms)</th><th>Included Groups</th><th>Excluded Groups</th></tr>
<tr><th colspan="8">Suite</th></tr>
<tr><td><a href="#t0">Submit Order Test</a></td><td class="num">1</td><td class="num attn">1</td><td class="num">0</td><td class="num attn">1</td><td class="num">34,633</td><td></td><td></td></tr>
<tr class="stripe"><td><a href="#t1">ErrorValidation Test</a></td><td class="num">1</td><td class="num">0</td><td class="num attn">1</td><td class="num attn">1</td><td class="num">36,310</td><td></td><td></td></tr>
<tr><th>Total</th><th class="num">2</th><th class="num attn">1</th><th class="num attn">1</th><th class="num attn">2</th><th class="num">70,943</th><th colspan="2"></th></tr>
</table>
<table id='summary'><thead><tr><th>Class</th><th>Method</th><th>Start</th><th>Time (ms)</th></tr></thead><tbody><tr><th colspan="4">Suite</th></tr></tbody><tbody id="t0"><tr><th colspan="4">Submit Order Test &#8212; failed</th></tr><tr class="failedeven"><td rowspan="1">virtusa.tests.SubmitOrderTest</td><td><a href="#m0">submitOrder</a></td><td rowspan="1">1675493388981</td><td rowspan="1">3165</td></tr><tr><th colspan="4">Submit Order Test &#8212; skipped</th></tr><tr class="skippedeven"><td rowspan="1">virtusa.tests.SubmitOrderTest</td><td><a href="#m1">OrderHistoryTest</a></td><td rowspan="1">1675493408643</td><td rowspan="1">0</td></tr><tr><th colspan="4">Submit Order Test &#8212; passed</th></tr><tr class="passedeven"><td rowspan="1">virtusa.tests.SubmitOrderTest</td><td><a href="#m2">submitOrder</a></td><td rowspan="1">1675493380625</td><td rowspan="1">4535</td></tr></tbody>
<tbody id="t1"><tr><th colspan="4">ErrorValidation Test &#8212; failed</th></tr><tr class="failedeven"><td rowspan="1">virtusa.tests.ErrorValidationTests</td><td><a href="#m3">loginErrorValidation</a></td><td rowspan="1">1675493384591</td><td rowspan="1">991</td></tr><tr><th colspan="4">ErrorValidation Test &#8212; retried</th></tr><tr class="retriedeven"><td rowspan="1">virtusa.tests.ErrorValidationTests</td><td><a href="#m4">loginErrorValidation</a></td><td rowspan="1">1675493380229</td><td rowspan="1">616</td></tr><tr><th colspan="4">ErrorValidation Test &#8212; passed</th></tr><tr class="passedeven"><td rowspan="1">virtusa.tests.ErrorValidationTests</td><td><a href="#m5">productErrorValidation</a></td><td rowspan="1">1675493390964</td><td rowspan="1">3095</td></tr></tbody>
</table>
<h2>Submit Order Test</h2><h3 id="m0">virtusa.tests.SubmitOrderTest#submitOrder</h3><table class="result"><tr class="param"><th>Parameter #1</th></tr><tr class="param stripe"><td>{password=Selenium@123, product=ADIDAS ORIGINAL, email=selenium@uu2.com}</td></tr><tr><th>Exception</th></tr><tr><td><div class="stacktrace">java.lang.AssertionError: expected [true] but found [false]
	at virtusa.tests.SubmitOrderTest.submitOrder(SubmitOrderTest.java:43)
	at java.base/java.util.ArrayList.forEach(ArrayList.java:1511)
	at java.base/java.util.concurrent.FutureTask.run(FutureTask.java:264)
	at java.base/java.util.concurrent.ThreadPoolExecutor.runWorker(ThreadPoolExecutor.java:1136)
	at java.base/java.util.concurrent.ThreadPoolExecutor$Worker.run(ThreadPoolExecutor.java:635)
	at java.base/java.lang.Thread.run(Thread.java:833)
... Removed 21 stack frames</div></td></tr></table><p class="totop"><a href="#summary">back to summary</a></p>
<h3 id="m1">virtusa.tests.SubmitOrderTest#OrderHistoryTest</h3><table class="result"><tr><th>Exception</th></tr><tr><td><div class="stacktrace">java.lang.Throwable: Method virtusa.tests.SubmitOrderTest.OrderHistoryTest() on instance virtusa.tests.SubmitOrderTest@7fd50002 depends on not successfully finished methods 
[virtusa.tests.SubmitOrderTest.submitOrder() on instance virtusa.tests.SubmitOrderTest@7fd50002]
	at java.base/java.util.ArrayList.forEach(ArrayList.java:1511)
	at java.base/java.util.concurrent.FutureTask.run(FutureTask.java:264)
	at java.base/java.util.concurrent.ThreadPoolExecutor.runWorker(ThreadPoolExecutor.java:1136)
	at java.base/java.util.concurrent.ThreadPoolExecutor$Worker.run(ThreadPoolExecutor.java:635)
	at java.base/java.lang.Thread.run(Thread.java:833)
... Removed 8 stack frames</div></td></tr></table><p class="totop"><a href="#summary">back to summary</a></p>
<h3 id="m2">virtusa.tests.SubmitOrderTest#submitOrder</h3><table class="result"><tr class="param"><th>Parameter #1</th></tr><tr class="param stripe"><td>{password=Selenium@123, product=ZARA COAT 3, email=selenium@uu.com}</td></tr></table><p class="totop"><a href="#summary">back to summary</a></p>
<h2>ErrorValidation Test</h2><h3 id="m3">virtusa.tests.ErrorValidationTests#loginErrorValidation</h3><table class="result"><tr><th>Exception</th></tr><tr><td><div class="stacktrace">java.lang.AssertionError: expected [Incorrect email  password.] but found [Incorrect email or password.]
	at virtusa.tests.ErrorValidationTests.loginErrorValidation(ErrorValidationTests.java:25)
	at java.base/java.util.ArrayList.forEach(ArrayList.java:1511)
	at java.base/java.util.concurrent.FutureTask.run(FutureTask.java:264)
	at java.base/java.util.concurrent.ThreadPoolExecutor.runWorker(ThreadPoolExecutor.java:1136)
	at java.base/java.util.concurrent.ThreadPoolExecutor$Worker.run(ThreadPoolExecutor.java:635)
	at java.base/java.lang.Thread.run(Thread.java:833)
... Removed 23 stack frames</div></td></tr></table><p class="totop"><a href="#summary">back to summary</a></p>
<h3 id="m4">virtusa.tests.ErrorValidationTests#loginErrorValidation</h3><table class="result"><tr><th>Exception</th></tr><tr><td><div class="stacktrace">java.lang.AssertionError: expected [Incorrect email  password.] but found [Incorrect email or password.]
	at virtusa.tests.ErrorValidationTests.loginErrorValidation(ErrorValidationTests.java:25)
	at java.base/java.util.ArrayList.forEach(ArrayList.java:1511)
	at java.base/java.util.concurrent.FutureTask.run(FutureTask.java:264)
	at java.base/java.util.concurrent.ThreadPoolExecutor.runWorker(ThreadPoolExecutor.java:1136)
	at java.base/java.util.concurrent.ThreadPoolExecutor$Worker.run(ThreadPoolExecutor.java:635)
	at java.base/java.lang.Thread.run(Thread.java:833)
... Removed 23 stack frames</div></td></tr></table><p class="totop"><a href="#summary">back to summary</a></p>
<h3 id="m5">virtusa.tests.ErrorValidationTests#productErrorValidation</h3><table class="result"><tr><th class="invisible"/></tr></table><p class="totop"><a href="#summary">back to summary</a></p>
</body>
</html>
